<?xml version="1.0" encoding="UTF-8"?>
<!-- Generated by org.testng.reporters.JUnitReportReporter -->
<testsuite hostname="DESKTOP-BILS7J0" failures="0" tests="1" name="script.ValidLogin" time="5.009" errors="0" timestamp="2024-04-13T22:34:21 IST" skipped="0">
  <testcase classname="script.ValidLogin" name="testValidLogin" time="5.009">
    <system-out>
      <![CDATA[HomePage is Displayed]]>
    </system-out>
  </testcase> <!-- testValidLogin -->
  <system-out>
    <![CDATA[HomePage is Displayed]]>
  </system-out>
</testsuite> <!-- script.ValidLogin -->
